2025-11-05T15:44:18.404+01:00  INFO 33620 --- [main] org.eclipse.esmf.ame.Application         : Starting AOT-processed Application using Java 17.0.6 with PID 33620 (C:\Users\ThibaultGrandemenge\AppData\Local\ASPECT-MODEL-EDITOR\backend\signed_dir\ame-backend-5.6.0-win.exe started by ThibaultGrandemenge in C:\Users\ThibaultGrandemenge\aspect-model-editor\models\io.catenax.shared.quantity\3.0.0)
2025-11-05T15:44:18.404+01:00  INFO 33620 --- [main] org.eclipse.esmf.ame.Application         : No active profile set, falling back to 1 default profile: "default"
2025-11-05T15:44:18.568+01:00  INFO 33620 --- [main] o.s.b.w.embedded.tomcat.TomcatWebServer  : Tomcat initialized with port(s): 30001 (http)
2025-11-05T15:44:18.573+01:00  INFO 33620 --- [main] o.apache.catalina.core.StandardService   : Starting service [Tomcat]
2025-11-05T15:44:18.573+01:00  INFO 33620 --- [main] o.apache.catalina.core.StandardEngine    : Starting Servlet engine: [Apache Tomcat/10.1.1]
2025-11-05T15:44:18.578+01:00  INFO 33620 --- [main] o.a.c.c.C.[.[localhost].[/ame/api]       : Initializing Spring embedded WebApplicationContext
2025-11-05T15:44:18.578+01:00  INFO 33620 --- [main] w.s.c.ServletWebServerApplicationContext : Root WebApplicationContext: initialization completed in 174 ms
2025-11-05T15:44:18.774+01:00  WARN 33620 --- [main] .s.s.UserDetailsServiceAutoConfiguration : 

Using generated security password: 0ed4cf28-ab96-4d48-89de-d21d7df0aa7e

This generated password is for development use only. Your security configuration must be updated before running your application in production.

2025-11-05T15:44:18.829+01:00  INFO 33620 --- [main] o.s.s.web.DefaultSecurityFilterChain     : Will secure any request with [org.springframework.security.web.session.DisableEncodeUrlFilter@701bd1cb, org.springframework.security.web.context.request.async.WebAsyncManagerIntegrationFilter@1168e1d7, org.springframework.security.web.context.SecurityContextHolderFilter@f9723f3, org.springframework.security.web.header.HeaderWriterFilter@56b4e22f, org.springframework.security.web.authentication.logout.LogoutFilter@4232f322, org.springframework.security.web.savedrequest.RequestCacheAwareFilter@26e93a65, org.springframework.security.web.servletapi.SecurityContextHolderAwareRequestFilter@1f282e48, org.springframework.security.web.authentication.AnonymousAuthenticationFilter@6ec8bdd4, org.springframework.security.web.access.ExceptionTranslationFilter@24b865c5, org.springframework.security.web.access.intercept.AuthorizationFilter@1a8fb47e]
2025-11-05T15:44:18.903+01:00  INFO 33620 --- [main] o.s.b.w.embedded.tomcat.TomcatWebServer  : Tomcat started on port(s): 30001 (http) with context path '/ame/api'
2025-11-05T15:44:18.906+01:00  INFO 33620 --- [main] org.eclipse.esmf.ame.Application         : Started Application in 0.53 seconds (process running for 0.535)
2025-11-05T15:45:21.354+01:00  INFO 33312 --- [main] org.eclipse.esmf.ame.Application         : Starting AOT-processed Application using Java 17.0.6 with PID 33312 (C:\Users\ThibaultGrandemenge\AppData\Local\ASPECT-MODEL-EDITOR\backend\signed_dir\ame-backend-5.6.0-win.exe started by ThibaultGrandemenge in C:\Users\ThibaultGrandemenge\aspect-model-editor\models\io.catenax.shared.quantity\3.0.0)
2025-11-05T15:45:21.356+01:00  INFO 33312 --- [main] org.eclipse.esmf.ame.Application         : No active profile set, falling back to 1 default profile: "default"
2025-11-05T15:45:21.444+01:00  INFO 33312 --- [main] o.s.b.w.embedded.tomcat.TomcatWebServer  : Tomcat initialized with port(s): 30001 (http)
2025-11-05T15:45:21.444+01:00  INFO 33312 --- [main] o.apache.catalina.core.StandardService   : Starting service [Tomcat]
2025-11-05T15:45:21.444+01:00  INFO 33312 --- [main] o.apache.catalina.core.StandardEngine    : Starting Servlet engine: [Apache Tomcat/10.1.1]
2025-11-05T15:45:21.453+01:00  INFO 33312 --- [main] o.a.c.c.C.[.[localhost].[/ame/api]       : Initializing Spring embedded WebApplicationContext
2025-11-05T15:45:21.453+01:00  INFO 33312 --- [main] w.s.c.ServletWebServerApplicationContext : Root WebApplicationContext: initialization completed in 96 ms
2025-11-05T15:45:21.576+01:00  WARN 33312 --- [main] .s.s.UserDetailsServiceAutoConfiguration : 

Using generated security password: 59aed374-e497-4d35-b606-171546d4e94d

This generated password is for development use only. Your security configuration must be updated before running your application in production.

2025-11-05T15:45:21.589+01:00  INFO 33312 --- [main] o.s.s.web.DefaultSecurityFilterChain     : Will secure any request with [org.springframework.security.web.session.DisableEncodeUrlFilter@21b1c87d, org.springframework.security.web.context.request.async.WebAsyncManagerIntegrationFilter@2806fb5b, org.springframework.security.web.context.SecurityContextHolderFilter@4cc2d00f, org.springframework.security.web.header.HeaderWriterFilter@463e6abc, org.springframework.security.web.authentication.logout.LogoutFilter@7b284cd2, org.springframework.security.web.savedrequest.RequestCacheAwareFilter@77387560, org.springframework.security.web.servletapi.SecurityContextHolderAwareRequestFilter@2620b514, org.springframework.security.web.authentication.AnonymousAuthenticationFilter@7c5e32c5, org.springframework.security.web.access.ExceptionTranslationFilter@ef58337, org.springframework.security.web.access.intercept.AuthorizationFilter@35af8922]
2025-11-05T15:45:21.612+01:00  INFO 33312 --- [main] o.s.b.w.embedded.tomcat.TomcatWebServer  : Tomcat started on port(s): 30001 (http) with context path '/ame/api'
2025-11-05T15:45:21.613+01:00  INFO 33312 --- [main] org.eclipse.esmf.ame.Application         : Started Application in 0.3 seconds (process running for 0.307)
2025-11-05T15:45:27.717+01:00  INFO 33312 --- [http-nio-127.0.0.1-30001-exec-1] o.a.c.c.C.[.[localhost].[/ame/api]       : Initializing Spring DispatcherServlet 'dispatcherServlet'
2025-11-05T15:45:27.717+01:00  INFO 33312 --- [http-nio-127.0.0.1-30001-exec-1] o.s.web.servlet.DispatcherServlet        : Initializing Servlet 'dispatcherServlet'
2025-11-05T15:45:27.717+01:00  INFO 33312 --- [http-nio-127.0.0.1-30001-exec-1] o.s.web.servlet.DispatcherServlet        : Completed initialization in 0 ms
2025-11-05T15:46:00.916+01:00  WARN 33312 --- [http-nio-127.0.0.1-30001-exec-2] org.apache.jena.http.auth.AuthEnv        : Looking for timeUnit, but no timeUnit.ttl was found. Inspecting files in C:\Users\ThibaultGrandemenge\aspect-model-editor\models\io.catenax.shared.quantity\3.0.0
